image opened
width: 4000
height: 3000
parameters setup
blob detector initialized
keypoints detected
keypoints drawn
output image written
x: nan y: nan
	(in m) x: nan y: nan
x: 1070.05 y: 2534.66
	(in m) x: 49.5432 y: 117.355
x: 1644.44 y: 2039.59
	(in m) x: 76.1375 y: 94.4332
x: 2018.74 y: 1548.96
	(in m) x: 93.4674 y: 71.717
x: 1257.14 y: 2334.17
	(in m) x: 58.2058 y: 108.072
x: 631.531 y: 2598.08
	(in m) x: 29.2399 y: 120.291
x: 1556.45 y: 2154.5
	(in m) x: 72.0634 y: 99.7536
x: 986.241 y: 1593.21
	(in m) x: 45.6629 y: 73.7655
x: 2001.55 y: 1557.1
	(in m) x: 92.672 y: 72.0936
x: 1273.75 y: 1500.84
	(in m) x: 58.9746 y: 69.4887
x: 1308.08 y: 1160.69
	(in m) x: 60.5641 y: 53.7398
x: 1639.47 y: 2575.3
	(in m) x: 75.9074 y: 119.237
x: 708.129 y: 1818.93
	(in m) x: 32.7864 y: 84.2165
x: 491.561 y: 1993.12
	(in m) x: 22.7593 y: 92.2815
x: 247.125 y: 2215.89
	(in m) x: 11.4419 y: 102.596
x: 1511.35 y: 1378.88
	(in m) x: 69.9754 y: 63.8424
x: 1117.91 y: 2301.05
	(in m) x: 51.7593 y: 106.538
x: 921.624 y: 1225.89
	(in m) x: 42.6712 y: 56.7586
x: 2281.56 y: 1743.24
	(in m) x: 105.636 y: 80.712
x: 1946.64 y: 2702.06
	(in m) x: 90.1295 y: 125.105
x: 2177.74 y: 1573.75
	(in m) x: 100.83 y: 72.8647
x: 712.871 y: 1569.6
	(in m) x: 33.0059 y: 72.6725
x: 778.669 y: 948.238
	(in m) x: 36.0524 y: 43.9034
x: 2120.49 y: 2104.46
	(in m) x: 98.1787 y: 97.4366
x: 1342.9 y: 764.668
	(in m) x: 62.1762 y: 35.4041
x: 477.669 y: 1145.71
	(in m) x: 22.1161 y: 53.0465
x: 1199.79 y: 516.924
	(in m) x: 55.5505 y: 23.9336
x: 1329.14 y: 2054.14
	(in m) x: 61.5391 y: 95.1067
x: 2464.41 y: 886.677
	(in m) x: 114.102 y: 41.0531
x: 2759.74 y: 2411.41
	(in m) x: 127.776 y: 111.648
x: 1849.96 y: 2013.64
	(in m) x: 85.6532 y: 93.2316
x: 1544.74 y: 2062.16
	(in m) x: 71.5213 y: 95.4778
x: 354.429 y: 1464.53
	(in m) x: 16.4101 y: 67.8078
x: 2397.15 y: 1724.19
	(in m) x: 110.988 y: 79.8301
x: 342.858 y: 2199.08
	(in m) x: 15.8743 y: 101.817
x: 324.675 y: 1158.45
	(in m) x: 15.0325 y: 53.6362
x: 952.042 y: 698.303
	(in m) x: 44.0795 y: 32.3314
x: 1878.49 y: 928.393
	(in m) x: 86.9741 y: 42.9846
x: 411.319 y: 444.313
	(in m) x: 19.0441 y: 20.5717
x: 1219.71 y: 1965.66
	(in m) x: 56.4724 y: 91.01
x: 2985.28 y: 2360.61
	(in m) x: 138.218 y: 109.296
x: 1837.44 y: 1841.93
	(in m) x: 85.0733 y: 85.2814
x: 1117.35 y: 1478.3
	(in m) x: 51.7332 y: 68.4454
x: 1182.06 y: 934.892
	(in m) x: 54.7292 y: 43.2855
x: 2875.87 y: 2616.85
	(in m) x: 133.153 y: 121.16
x: 2265.41 y: 1625.96
	(in m) x: 104.888 y: 75.2819
x: 1792.8 y: 570.75
	(in m) x: 83.0066 y: 26.4257
x: 1638.5 y: 921.665
	(in m) x: 75.8626 y: 42.6731
x: 2528.42 y: 1850.01
	(in m) x: 117.066 y: 85.6554
x: 403.05 y: 690.925
	(in m) x: 18.6612 y: 31.9898
x: 2563.37 y: 578.36
	(in m) x: 118.684 y: 26.7781
x: 1261.64 y: 2235.54
	(in m) x: 58.414 y: 103.506
x: 1025.93 y: 284.187
	(in m) x: 47.5005 y: 13.1579
x: 2994.21 y: 2437.9
	(in m) x: 138.632 y: 112.875
x: 2518.52 y: 1877.92
	(in m) x: 116.608 y: 86.9477
x: 2589.55 y: 2054.07
	(in m) x: 119.896 y: 95.1036
x: 2125.01 y: 1362.08
	(in m) x: 98.3882 y: 63.0643
x: 3568.63 y: 1570.16
	(in m) x: 165.228 y: 72.6983
x: 2117.82 y: 1629.22
	(in m) x: 98.0549 y: 75.433
x: 3114.75 y: 2414.27
	(in m) x: 144.213 y: 111.781
x: 2814.51 y: 2222.35
	(in m) x: 130.312 y: 102.895
x: 1771.6 y: 1556.07
	(in m) x: 82.0251 y: 72.0459
x: 3139.35 y: 2081.49
	(in m) x: 145.352 y: 96.373
x: 2476.64 y: 1422.3
	(in m) x: 114.668 y: 65.8525
x: 2980.99 y: 1856.76
	(in m) x: 138.02 y: 85.968
x: 3338.7 y: 1562.48
	(in m) x: 154.582 y: 72.3427
x: 1398.67 y: 1725.97
	(in m) x: 64.7586 y: 79.9126
x: 2426.95 y: 1988.11
	(in m) x: 112.368 y: 92.0497
x: 2161.94 y: 986.137
	(in m) x: 100.098 y: 45.6582
x: 2867.22 y: 2047.75
	(in m) x: 132.752 y: 94.8109
x: 2767.6 y: 1553.76
	(in m) x: 128.14 y: 71.939
x: 2463.18 y: 786.12
	(in m) x: 114.045 y: 36.3974
x: 2474.91 y: 1523.38
	(in m) x: 114.588 y: 70.5326
x: 2306.62 y: 1852
	(in m) x: 106.797 y: 85.7476
x: 3404.71 y: 655.604
	(in m) x: 157.638 y: 30.3544
x: 2891.62 y: 364.731
	(in m) x: 133.882 y: 16.8871
x: 2454.67 y: 1392.17
	(in m) x: 113.651 y: 64.4573
x: 3399.44 y: 1271.38
	(in m) x: 157.394 y: 58.8647
x: 3008.58 y: 2119.83
	(in m) x: 139.297 y: 98.1483
x: 3732.83 y: 1697.89
	(in m) x: 172.83 y: 78.6122
x: 2636.25 y: 1706
	(in m) x: 122.058 y: 78.9878
x: 1922.46 y: 298.249
	(in m) x: 89.01 y: 13.8089
x: 2785.28 y: 854.888
	(in m) x: 128.959 y: 39.5813
x: 2481.42 y: 1146.25
	(in m) x: 114.89 y: 53.0714
x: 1840.14 y: 992.153
	(in m) x: 85.1985 y: 45.9367
x: 1175.29 y: 560.947
	(in m) x: 54.4161 y: 25.9718
x: 2416.87 y: 1060.3
	(in m) x: 111.901 y: 49.0919
x: 2595.76 y: 492.872
	(in m) x: 120.183 y: 22.82
x: 1331 y: 1274.25
	(in m) x: 61.6253 y: 58.9978
x: 2614.92 y: 542.452
	(in m) x: 121.071 y: 25.1155
x: 739.36 y: 143.922
	(in m) x: 34.2323 y: 6.6636
x: 194.748 y: 1191.05
	(in m) x: 9.01682 y: 55.1455
x: 3533.02 y: 1107.5
	(in m) x: 163.579 y: 51.2772
x: 254.319 y: 477.186
	(in m) x: 11.775 y: 22.0937
x: 1375.9 y: 333.095
	(in m) x: 63.704 y: 15.4223
x: 514.598 y: 526.691
	(in m) x: 23.8259 y: 24.3858
x: 295.943 y: 1696.71
	(in m) x: 13.7022 y: 78.5578
x: 846.438 y: 605.445
	(in m) x: 39.1901 y: 28.0321
x: 3425.03 y: 348.754
	(in m) x: 158.579 y: 16.1473
x: 1096.74 y: 1014.99
	(in m) x: 50.7793 y: 46.994
x: 1440.06 y: 788.488
	(in m) x: 66.6747 y: 36.507
x: 375.694 y: 574.327
	(in m) x: 17.3946 y: 26.5913
x: 2150.9 y: 923.292
	(in m) x: 99.5868 y: 42.7484
x: 739.956 y: 173.906
	(in m) x: 34.26 y: 8.05186
x: 773.086 y: 215.503
	(in m) x: 35.7939 y: 9.9778
x: 3459.56 y: 1071.72
	(in m) x: 160.178 y: 49.6206
x: 3441.48 y: 1067.63
	(in m) x: 159.341 y: 49.4313
x: 653.945 y: 175.563
	(in m) x: 30.2777 y: 8.12857
x: 1727.07 y: 224.949
	(in m) x: 79.9632 y: 10.4151
x: 3059.9 y: 1125.66
	(in m) x: 141.673 y: 52.1181
x: 1510.37 y: 252.425
	(in m) x: 69.9302 y: 11.6873
x: 2533.78 y: 238.093
	(in m) x: 117.314 y: 11.0237
x: 2446.48 y: 237.51
	(in m) x: 113.272 y: 10.9967
x: 1208.72 y: 101.717
	(in m) x: 55.9636 y: 4.7095
x: 2748.28 y: 176.054
	(in m) x: 127.245 y: 8.15129
x: 3573.97 y: 700.429
	(in m) x: 165.475 y: 32.4299
x: 673.723 y: 145.968
	(in m) x: 31.1934 y: 6.75831
x: 1620.59 y: 105.516
	(in m) x: 75.0331 y: 4.88537
x: 3143.11 y: 197.227
	(in m) x: 145.526 y: 9.13161
x: 1860.54 y: 68.9939
	(in m) x: 86.143 y: 3.19442
x: 2117.44 y: 373.63
	(in m) x: 98.0376 y: 17.2991
x: 3400.18 y: 525.55
	(in m) x: 157.428 y: 24.333
x: 1063.94 y: 2785.35
	(in m) x: 49.2606 y: 128.962
x: 409.621 y: 2647.63
	(in m) x: 18.9654 y: 122.585
x: 466.408 y: 2508.27
	(in m) x: 21.5947 y: 116.133
x: 384.878 y: 2567.25
	(in m) x: 17.8198 y: 118.864
x: 1837.02 y: 2703.7
	(in m) x: 85.0539 y: 125.181
x: 123.269 y: 2741.23
	(in m) x: 5.70735 y: 126.919
x: 105.71 y: 2904.65
	(in m) x: 4.89436 y: 134.485
x: 1610.05 y: 2815.24
	(in m) x: 74.5451 y: 130.346
x: 1223.13 y: 2630.11
	(in m) x: 56.6309 y: 121.774
x: 1558.57 y: 2621.33
	(in m) x: 72.1617 y: 121.368
x: 718.362 y: 2673.85
	(in m) x: 33.2601 y: 123.799
x: 835.958 y: 2910.52
	(in m) x: 38.7049 y: 134.757
x: 114.667 y: 2577.87
	(in m) x: 5.30907 y: 119.355
x: 553.089 y: 1937.45
	(in m) x: 25.608 y: 89.704
x: 109.613 y: 654.258
	(in m) x: 5.07508 y: 30.2921
x: 3730.62 y: 1757.15
	(in m) x: 172.728 y: 81.356
x: 175.912 y: 187.07
	(in m) x: 8.14473 y: 8.66135
x: 109.197 y: 1040.95
	(in m) x: 5.05583 y: 48.1961
x: 3518.52 y: 1083.32
	(in m) x: 162.907 y: 50.1575
x: 3718.4 y: 703.284
	(in m) x: 172.162 y: 32.562
x: 3188.92 y: 833.134
	(in m) x: 147.647 y: 38.5741
x: 3707.77 y: 1098.96
	(in m) x: 171.67 y: 50.8819
x: 3324.6 y: 1007.9
	(in m) x: 153.929 y: 46.6657
x: 3889.25 y: 310.144
	(in m) x: 180.072 y: 14.3597
x: 3894.43 y: 722.619
	(in m) x: 180.312 y: 33.4573
x: 3394.98 y: 205.474
	(in m) x: 157.187 y: 9.51343
x: 3325.05 y: 1082.46
	(in m) x: 153.95 y: 50.1177
x: 3748.94 y: 511.42
	(in m) x: 173.576 y: 23.6788
x: 171.739 y: 126.447
	(in m) x: 7.9515 y: 5.85448
x: 3899.12 y: 1104.82
	(in m) x: 180.529 y: 51.153
x: 2690.59 y: 304.333
	(in m) x: 124.574 y: 14.0906
x: 3194.58 y: 167.239
	(in m) x: 147.909 y: 7.74315
x: 602.534 y: 150.914
	(in m) x: 27.8973 y: 6.9873
x: 474.933 y: 540.433
	(in m) x: 21.9894 y: 25.0221
x: 3770.54 y: 37.5257
	(in m) x: 174.576 y: 1.73744
x: 3618.55 y: 172.702
	(in m) x: 167.539 y: 7.99612
x: 2225.16 y: 2739.97
	(in m) x: 103.025 y: 126.861
x: 2152.76 y: 2586.2
	(in m) x: 99.6727 y: 119.741
x: 2182.71 y: 2261.87
	(in m) x: 101.059 y: 104.724
x: 1674.22 y: 2723.11
	(in m) x: 77.5165 y: 126.08
x: 2224.37 y: 2591.7
	(in m) x: 102.988 y: 119.996
x: 1862.76 y: 2530.8
	(in m) x: 86.2456 y: 117.176
x: 2554.76 y: 2556.48
	(in m) x: 118.285 y: 118.365
x: 1900.54 y: 2327.17
	(in m) x: 87.9952 y: 107.748
x: 2821.8 y: 2733.69
	(in m) x: 130.649 y: 126.57
x: 3683.75 y: 1366.28
	(in m) x: 170.558 y: 63.2588
x: 3390.9 y: 1463.96
	(in m) x: 156.999 y: 67.7814
x: 3445.63 y: 2702.64
	(in m) x: 159.533 y: 125.132
x: 3926.38 y: 1955.57
	(in m) x: 181.792 y: 90.5429
x: 3090.07 y: 1294.37
	(in m) x: 143.07 y: 59.9291
x: 3440.76 y: 2624.52
	(in m) x: 159.307 y: 121.515
x: 2796.38 y: 2424.35
	(in m) x: 129.473 y: 112.247
x: 2751.66 y: 2736.25
	(in m) x: 127.402 y: 126.688
x: 3008.66 y: 2164.26
	(in m) x: 139.301 y: 100.205
x: 3109.65 y: 2817.1
	(in m) x: 143.977 y: 130.432
x: 3219.81 y: 2019.56
	(in m) x: 149.077 y: 93.5057
x: 3901.78 y: 2475.57
	(in m) x: 180.652 y: 114.619
x: 2692.35 y: 2315.27
	(in m) x: 124.656 y: 107.197
x: 3960.07 y: 2682.97
	(in m) x: 183.351 y: 124.222
