image opened
width: 4000
height: 3000
parameters setup
blob detector initialized
keypoints detected
keypoints drawn
output image written
x: nan y: nan
	(in m) x: nan y: nan
x: 3140.15 y: 2439.72
	(in m) x: 145.389 y: 112.959
x: 2716.51 y: 1924.89
	(in m) x: 125.774 y: 89.1222
x: 2571.16 y: 2156.64
	(in m) x: 119.045 y: 99.8527
x: 3376.43 y: 1784.85
	(in m) x: 156.329 y: 82.6384
x: 3436.7 y: 2072.85
	(in m) x: 159.119 y: 95.973
x: 1939.67 y: 1525.71
	(in m) x: 89.8066 y: 70.6404
x: 3385.83 y: 1518.03
	(in m) x: 156.764 y: 70.2848
x: 2006.03 y: 1044.22
	(in m) x: 92.879 y: 48.3473
x: 2701.66 y: 2120.99
	(in m) x: 125.087 y: 98.2017
x: 3544.66 y: 2128.08
	(in m) x: 164.118 y: 98.5299
x: 2793.45 y: 1986.5
	(in m) x: 129.337 y: 91.975
x: 2933.55 y: 1064.47
	(in m) x: 135.823 y: 49.2848
x: 3033.58 y: 2147.56
	(in m) x: 140.455 y: 99.4321
x: 3063.7 y: 2599.44
	(in m) x: 141.849 y: 120.354
x: 1912.95 y: 1633.29
	(in m) x: 88.5695 y: 75.6213
x: 2758.13 y: 408.373
	(in m) x: 127.702 y: 18.9077
x: 2637.28 y: 647.005
	(in m) x: 122.106 y: 29.9564
x: 3556.18 y: 1315.34
	(in m) x: 164.651 y: 60.9001
x: 3038.72 y: 937.653
	(in m) x: 140.693 y: 43.4134
x: 1537.84 y: 1451.31
	(in m) x: 71.2018 y: 67.1958
x: 3618.4 y: 1350.87
	(in m) x: 167.532 y: 62.5452
x: 1402.68 y: 606.573
	(in m) x: 64.9442 y: 28.0843
x: 2782.35 y: 2031.9
	(in m) x: 128.823 y: 94.0768
x: 2308.83 y: 2079.58
	(in m) x: 106.899 y: 96.2846
x: 2547.7 y: 634.437
	(in m) x: 117.959 y: 29.3744
x: 2412.69 y: 2226.67
	(in m) x: 111.707 y: 103.095
x: 1372.69 y: 2111.29
	(in m) x: 63.5557 y: 97.7527
x: 2561.13 y: 2391.89
	(in m) x: 118.58 y: 110.744
x: 2934.08 y: 1408.67
	(in m) x: 135.848 y: 65.2215
x: 2219.09 y: 2595.98
	(in m) x: 102.744 y: 120.194
x: 1733.48 y: 418.234
	(in m) x: 80.2601 y: 19.3642
x: 1864.32 y: 2139.11
	(in m) x: 86.3182 y: 99.0406
x: 2236.65 y: 1839.62
	(in m) x: 103.557 y: 85.1744
x: 1114.52 y: 1704.57
	(in m) x: 51.6021 y: 78.9218
x: 1084.55 y: 898.293
	(in m) x: 50.2147 y: 41.5909
x: 1265.21 y: 729.922
	(in m) x: 58.5791 y: 33.7954
x: 2036.1 y: 402.627
	(in m) x: 94.2714 y: 18.6416
x: 1728.24 y: 2356.96
	(in m) x: 80.0177 y: 109.127
x: 930.967 y: 1425.64
	(in m) x: 43.1038 y: 66.0071
x: 1794.73 y: 1486.84
	(in m) x: 83.096 y: 68.8406
x: 834.075 y: 1647.28
	(in m) x: 38.6177 y: 76.2691
x: 1745.12 y: 2109.81
	(in m) x: 80.7991 y: 97.6841
x: 1055.67 y: 1420.3
	(in m) x: 48.8777 y: 65.7598
x: 2414.94 y: 759.795
	(in m) x: 111.812 y: 35.1785
x: 1422.41 y: 1914.67
	(in m) x: 65.8575 y: 88.6494
x: 1503.63 y: 1208.29
	(in m) x: 69.6179 y: 55.9437
x: 2640.05 y: 1452.62
	(in m) x: 122.235 y: 67.2565
x: 2292.18 y: 1279.83
	(in m) x: 106.128 y: 59.2562
x: 2703.12 y: 539.088
	(in m) x: 125.154 y: 24.9598
x: 2511.35 y: 1454.26
	(in m) x: 116.276 y: 67.3324
x: 2938.96 y: 1511.94
	(in m) x: 136.074 y: 70.0027
x: 985.209 y: 1783.78
	(in m) x: 45.6152 y: 82.589
x: 2793.57 y: 1504.58
	(in m) x: 129.342 y: 69.6621
x: 2067.18 y: 1057.95
	(in m) x: 95.7105 y: 48.9833
x: 1623.83 y: 2274.24
	(in m) x: 75.1834 y: 105.298
x: 1594.31 y: 1762.68
	(in m) x: 73.8164 y: 81.612
x: 2001.43 y: 1161.8
	(in m) x: 92.666 y: 53.7912
x: 1697.32 y: 1883.4
	(in m) x: 78.5858 y: 87.2014
x: 559.486 y: 2194.32
	(in m) x: 25.9042 y: 101.597
x: 1809 y: 1700
	(in m) x: 83.7567 y: 78.71
x: 1224.51 y: 666.024
	(in m) x: 56.695 y: 30.8369
x: 1735.5 y: 1686
	(in m) x: 80.3536 y: 78.0618
x: 1869 y: 1343.75
	(in m) x: 86.5347 y: 62.2156
x: 990.486 y: 450.812
	(in m) x: 45.8595 y: 20.8726
x: 1008.87 y: 1137.42
	(in m) x: 46.7105 y: 52.6625
x: 1976.87 y: 292.444
	(in m) x: 91.5289 y: 13.5401
x: 1280.35 y: 2419.13
	(in m) x: 59.2804 y: 112.006
x: 3603.2 y: 1660.4
	(in m) x: 166.828 y: 76.8767
x: 910.339 y: 1338.55
	(in m) x: 42.1487 y: 61.9748
x: 885.217 y: 332.183
	(in m) x: 40.9856 y: 15.3801
x: 3638.22 y: 463.695
	(in m) x: 168.45 y: 21.4691
x: 1077.37 y: 2138.6
	(in m) x: 49.882 y: 99.0172
x: 1001.96 y: 2000.09
	(in m) x: 46.3907 y: 92.6041
x: 1273.38 y: 2433.46
	(in m) x: 58.9575 y: 112.669
x: 1119.44 y: 1939.67
	(in m) x: 51.8298 y: 89.8065
x: 3554.46 y: 1113.85
	(in m) x: 164.572 y: 51.5711
x: 687.481 y: 1632.13
	(in m) x: 31.8304 y: 75.5676
x: 1255.71 y: 1722.02
	(in m) x: 58.1395 y: 79.7294
x: 3847.51 y: 2384.91
	(in m) x: 178.14 y: 110.421
x: 560.621 y: 1604.26
	(in m) x: 25.9567 y: 74.2773
x: 1949.8 y: 2458.3
	(in m) x: 90.2757 y: 113.819
x: 3818.46 y: 2157.5
	(in m) x: 176.795 y: 99.8924
x: 3765.87 y: 1053.78
	(in m) x: 174.36 y: 48.79
x: 741.006 y: 872.849
	(in m) x: 34.3086 y: 40.4129
x: 3637.65 y: 828.823
	(in m) x: 168.423 y: 38.3745
x: 3087.5 y: 591.367
	(in m) x: 142.951 y: 27.3803
x: 377.461 y: 1378.12
	(in m) x: 17.4765 y: 63.807
x: 3895.44 y: 1404.64
	(in m) x: 180.359 y: 65.0349
x: 2363.03 y: 744.912
	(in m) x: 109.408 y: 34.4894
x: 766.204 y: 851.46
	(in m) x: 35.4752 y: 39.4226
x: 1405.76 y: 1078.5
	(in m) x: 65.0865 y: 49.9343
x: 3245.46 y: 799.755
	(in m) x: 150.265 y: 37.0286
x: 1818.34 y: 599.723
	(in m) x: 84.1891 y: 27.7672
x: 2749.77 y: 536.332
	(in m) x: 127.314 y: 24.8322
x: 2103.46 y: 1097.31
	(in m) x: 97.3903 y: 50.8057
x: 2907.99 y: 179.791
	(in m) x: 134.64 y: 8.32434
x: 3349 y: 896
	(in m) x: 155.059 y: 41.4848
x: 3531.72 y: 354.262
	(in m) x: 163.519 y: 16.4023
x: 3530.44 y: 259.92
	(in m) x: 163.459 y: 12.0343
x: 1281.46 y: 484.549
	(in m) x: 59.3317 y: 22.4346
x: 1240.5 y: 967.5
	(in m) x: 57.4351 y: 44.7953
x: 2343 y: 998.333
	(in m) x: 108.481 y: 46.2228
x: 788.699 y: 326.924
	(in m) x: 36.5168 y: 15.1366
x: 2690.52 y: 194.971
	(in m) x: 124.571 y: 9.02715
x: 2194.58 y: 684.933
	(in m) x: 101.609 y: 31.7124
x: 2314.17 y: 892.333
	(in m) x: 107.146 y: 41.315
x: 1545.79 y: 66.5523
	(in m) x: 71.5699 y: 3.08137
x: 3746.03 y: 386.842
	(in m) x: 173.441 y: 17.9108
x: 3125.26 y: 142.517
	(in m) x: 144.7 y: 6.59855
x: 1302.67 y: 487.576
	(in m) x: 60.3136 y: 22.5748
x: 2659.69 y: 283.358
	(in m) x: 123.144 y: 13.1195
x: 3396.38 y: 342.777
	(in m) x: 157.252 y: 15.8706
x: 568.156 y: 225.951
	(in m) x: 26.3056 y: 10.4615
x: 1971.88 y: 76.7435
	(in m) x: 91.2978 y: 3.55322
x: 537.628 y: 253.568
	(in m) x: 24.8922 y: 11.7402
x: 1668 y: 116.928
	(in m) x: 77.2285 y: 5.41375
x: 217.793 y: 274.16
	(in m) x: 10.0838 y: 12.6936
x: 172.531 y: 674.595
	(in m) x: 7.9882 y: 31.2338
x: 825.008 y: 300.904
	(in m) x: 38.1979 y: 13.9319
x: 295.516 y: 753.238
	(in m) x: 13.6824 y: 34.8749
x: 685.473 y: 155.042
	(in m) x: 31.7374 y: 7.17843
x: 2436.5 y: 347.5
	(in m) x: 112.81 y: 16.0892
x: 142.395 y: 335.801
	(in m) x: 6.5929 y: 15.5476
x: 2969 y: 189.667
	(in m) x: 137.465 y: 8.78157
x: 1068.01 y: 28.0479
	(in m) x: 49.4489 y: 1.29862
x: 2271.28 y: 39.5065
	(in m) x: 105.16 y: 1.82915
x: 1734.86 y: 183.143
	(in m) x: 80.3239 y: 8.47951
x: 1575.92 y: 135.118
	(in m) x: 72.9653 y: 6.25595
x: 810.286 y: 64.3571
	(in m) x: 37.5162 y: 2.97974
x: 3612.46 y: 46.1375
	(in m) x: 167.257 y: 2.13617
x: 3615.79 y: 86.5969
	(in m) x: 167.411 y: 4.00944
x: 1489.09 y: 62.509
	(in m) x: 68.9449 y: 2.89416
x: 128.503 y: 313.189
	(in m) x: 5.94969 y: 14.5007
x: 3146.44 y: 2717.57
	(in m) x: 145.68 y: 125.823
x: 3689.36 y: 2752.06
	(in m) x: 170.817 y: 127.42
x: 2533.17 y: 2685.7
	(in m) x: 117.286 y: 124.348
x: 3175.59 y: 2674.01
	(in m) x: 147.03 y: 123.807
x: 3360.08 y: 2607.05
	(in m) x: 155.572 y: 120.706
x: 3806.8 y: 2306.93
	(in m) x: 176.255 y: 106.811
x: 3840.95 y: 2808.45
	(in m) x: 177.836 y: 130.031
x: 3959.48 y: 2797.52
	(in m) x: 183.324 y: 129.525
x: 3167.8 y: 2767.23
	(in m) x: 146.669 y: 128.123
x: 3409.51 y: 2868.93
	(in m) x: 157.86 y: 132.831
x: 3263.09 y: 2416.36
	(in m) x: 151.081 y: 111.877
x: 3089.56 y: 2934.5
	(in m) x: 143.047 y: 135.867
x: 3453 y: 2753.77
	(in m) x: 159.874 y: 127.499
x: 3917.65 y: 2148.65
	(in m) x: 181.387 y: 99.4826
x: 2841.59 y: 2323.63
	(in m) x: 131.565 y: 107.584
x: 922.456 y: 2043.58
	(in m) x: 42.7097 y: 94.6179
x: 1661.93 y: 2692.51
	(in m) x: 76.9473 y: 124.663
x: 1609.38 y: 2246.46
	(in m) x: 74.5144 y: 104.011
x: 1658.03 y: 2765.75
	(in m) x: 76.7666 y: 128.054
x: 322.65 y: 1987
	(in m) x: 14.9387 y: 91.9979
x: 283.359 y: 2582.27
	(in m) x: 13.1195 y: 119.559
x: 404.495 y: 1911.78
	(in m) x: 18.7281 y: 88.5154
x: 195.565 y: 1338.27
	(in m) x: 9.05465 y: 61.9619
x: 228.689 y: 2262.45
	(in m) x: 10.5883 y: 104.752
x: 364.974 y: 1442.74
	(in m) x: 16.8983 y: 66.799
x: 1604.93 y: 2764.8
	(in m) x: 74.3084 y: 128.01
x: 1764.48 y: 2916.62
	(in m) x: 81.6955 y: 135.039
x: 558.01 y: 2813.04
	(in m) x: 25.8358 y: 130.244
x: 737.712 y: 2828.53
	(in m) x: 34.156 y: 130.961
x: 218.057 y: 2760.86
	(in m) x: 10.096 y: 127.828
x: 129.736 y: 986.742
	(in m) x: 6.00677 y: 45.6862
x: 278.268 y: 787.434
	(in m) x: 12.8838 y: 36.4582
x: 3875.05 y: 685.678
	(in m) x: 179.415 y: 31.7469
x: 3858.3 y: 66.9391
	(in m) x: 178.639 y: 3.09928
x: 342.898 y: 2828.5
	(in m) x: 15.8762 y: 130.96
x: 2210.38 y: 2406.99
	(in m) x: 102.341 y: 111.444
x: 2345.46 y: 2850.61
	(in m) x: 108.595 y: 131.983
x: 273.691 y: 2222.59
	(in m) x: 12.6719 y: 102.906
x: 81.473 y: 2390.77
	(in m) x: 3.7722 y: 110.692
x: 191.958 y: 2875.19
	(in m) x: 8.88766 y: 133.121
x: 24.4156 y: 2901.87
	(in m) x: 1.13044 y: 134.357
x: 283.171 y: 2177.53
	(in m) x: 13.1108 y: 100.82
x: 502.73 y: 2297.9
	(in m) x: 23.2764 y: 106.393
x: 590.603 y: 2966.36
	(in m) x: 27.3449 y: 137.343
x: 231.668 y: 2148.3
	(in m) x: 10.7262 y: 99.4662
