image opened
width: 4000
height: 3000
parameters setup
blob detector initialized
keypoints detected
keypoints drawn
output image written
x: nan y: nan
	(in m) x: nan y: nan
x: 3541.87 y: 2057.34
	(in m) x: 163.988 y: 95.2547
x: 3333.14 y: 2554.87
	(in m) x: 154.324 y: 118.291
x: 3526.74 y: 1410.19
	(in m) x: 163.288 y: 65.2918
x: 3030.04 y: 2557.1
	(in m) x: 140.291 y: 118.394
x: 2983.64 y: 1999.44
	(in m) x: 138.142 y: 92.5741
x: 2894.54 y: 1478.76
	(in m) x: 134.017 y: 68.4666
x: 2773.34 y: 2305.29
	(in m) x: 128.406 y: 106.735
x: 2843.51 y: 2749.69
	(in m) x: 131.655 y: 127.311
x: 2870.08 y: 2324.64
	(in m) x: 132.885 y: 107.631
x: 3321.32 y: 2780.42
	(in m) x: 153.777 y: 128.733
x: 2490.75 y: 1961
	(in m) x: 115.322 y: 90.7941
x: 1934.36 y: 2211.04
	(in m) x: 89.5608 y: 102.371
x: 2396.51 y: 2695.09
	(in m) x: 110.958 y: 124.783
x: 3146.85 y: 1812.32
	(in m) x: 145.699 y: 83.9103
x: 2899.43 y: 1117.83
	(in m) x: 134.243 y: 51.7557
x: 1993.39 y: 1662.72
	(in m) x: 92.2939 y: 76.9838
x: 2896.54 y: 610.26
	(in m) x: 134.11 y: 28.2551
x: 2819.43 y: 1678.26
	(in m) x: 130.54 y: 77.7034
x: 3600.99 y: 581.955
	(in m) x: 166.726 y: 26.9445
x: 2269.51 y: 1386.19
	(in m) x: 105.078 y: 64.1807
x: 1978.95 y: 1796.06
	(in m) x: 91.6255 y: 83.1577
x: 3072.66 y: 1298.27
	(in m) x: 142.264 y: 60.1098
x: 2273.12 y: 1769.3
	(in m) x: 105.245 y: 81.9185
x: 1604.94 y: 759.791
	(in m) x: 74.3086 y: 35.1783
x: 1486.91 y: 340.013
	(in m) x: 68.844 y: 15.7426
x: 3105.78 y: 281.866
	(in m) x: 143.798 y: 13.0504
x: 1698.17 y: 2376.47
	(in m) x: 78.6253 y: 110.031
x: 1650.25 y: 1326.17
	(in m) x: 76.4067 y: 61.4015
x: 3758.12 y: 1169.12
	(in m) x: 174.001 y: 54.1304
x: 3661 y: 267.749
	(in m) x: 169.504 y: 12.3968
x: 3775.28 y: 924.495
	(in m) x: 174.795 y: 42.8041
x: 3560.18 y: 268.996
	(in m) x: 164.836 y: 12.4545
x: 3502.63 y: 112.552
	(in m) x: 162.172 y: 5.21118
x: 3858.3 y: 641.131
	(in m) x: 178.639 y: 29.6844
x: 3308.78 y: 966.916
	(in m) x: 153.197 y: 44.7682
x: 2744.04 y: 354.383
	(in m) x: 127.049 y: 16.4079
x: 3467.87 y: 109.394
	(in m) x: 160.562 y: 5.06494
x: 2787.52 y: 509.78
	(in m) x: 129.062 y: 23.6028
x: 3238.5 y: 1190.75
	(in m) x: 149.943 y: 55.1315
x: 3380.55 y: 1301.25
	(in m) x: 156.52 y: 60.248
x: 2296.2 y: 291.705
	(in m) x: 106.314 y: 13.506
x: 1158.19 y: 193.664
	(in m) x: 53.6241 y: 8.96663
x: 2323.36 y: 890.374
	(in m) x: 107.572 y: 41.2243
x: 2012.1 y: 1328.99
	(in m) x: 93.1604 y: 61.5324
x: 1898.9 y: 870.302
	(in m) x: 87.9193 y: 40.295
x: 1655.98 y: 1540.32
	(in m) x: 76.6719 y: 71.3166
x: 2593.22 y: 89.5337
	(in m) x: 120.066 y: 4.14541
x: 1774.37 y: 2009.18
	(in m) x: 82.1532 y: 93.0251
x: 1944.47 y: 1465.39
	(in m) x: 90.0289 y: 67.8476
x: 3592.25 y: 1024.5
	(in m) x: 166.321 y: 47.4344
x: 2010.47 y: 1508.61
	(in m) x: 93.0849 y: 69.8485
x: 2301.12 y: 1604.41
	(in m) x: 106.542 y: 74.2843
x: 2070.18 y: 727.088
	(in m) x: 95.8493 y: 33.6642
x: 2086.4 y: 1171.38
	(in m) x: 96.6002 y: 54.2349
x: 956.61 y: 1889.38
	(in m) x: 44.291 y: 87.4785
x: 3543.63 y: 661.72
	(in m) x: 164.07 y: 30.6376
x: 930.158 y: 1668.82
	(in m) x: 43.0663 y: 77.2663
x: 3086.69 y: 103.455
	(in m) x: 142.914 y: 4.78996
x: 1881.5 y: 420.771
	(in m) x: 87.1133 y: 19.4817
x: 2251.26 y: 857.561
	(in m) x: 104.233 y: 39.7051
x: 2142.19 y: 798.956
	(in m) x: 99.1834 y: 36.9917
x: 610.799 y: 659.029
	(in m) x: 28.28 y: 30.5131
x: 2688.14 y: 1258.83
	(in m) x: 124.461 y: 58.2839
x: 1111.59 y: 229.249
	(in m) x: 51.4666 y: 10.6142
x: 3268.45 y: 1309.6
	(in m) x: 151.329 y: 60.6346
x: 3252.03 y: 1528.45
	(in m) x: 150.569 y: 70.7674
x: 2592.07 y: 675.797
	(in m) x: 120.013 y: 31.2894
x: 2831.98 y: 755.814
	(in m) x: 131.121 y: 34.9942
x: 2603.99 y: 658.286
	(in m) x: 120.565 y: 30.4786
x: 1831.44 y: 1634.64
	(in m) x: 84.7958 y: 75.6839
x: 1059.33 y: 2634.69
	(in m) x: 49.0469 y: 121.986
x: 1785.08 y: 117.357
	(in m) x: 82.6493 y: 5.43362
x: 2902.02 y: 674.621
	(in m) x: 134.363 y: 31.235
x: 1051.21 y: 1376.92
	(in m) x: 48.671 y: 63.7514
x: 1124.05 y: 986.8
	(in m) x: 52.0434 y: 45.6889
x: 1424.16 y: 1217.11
	(in m) x: 65.9386 y: 56.3523
x: 2605.87 y: 214.952
	(in m) x: 120.652 y: 9.95228
x: 2812.7 y: 815.23
	(in m) x: 130.228 y: 37.7452
x: 1863.38 y: 97.2614
	(in m) x: 86.2744 y: 4.5032
x: 868.475 y: 1079.25
	(in m) x: 40.2104 y: 49.9693
x: 1310.53 y: 1102.41
	(in m) x: 60.6776 y: 51.0414
x: 797.699 y: 752.965
	(in m) x: 36.9335 y: 34.8623
x: 1877.44 y: 371.267
	(in m) x: 86.9253 y: 17.1897
x: 728.735 y: 451.683
	(in m) x: 33.7404 y: 20.9129
x: 2606.96 y: 877.479
	(in m) x: 120.702 y: 40.6273
x: 1973.54 y: 201.866
	(in m) x: 91.375 y: 9.3464
x: 747.955 y: 168.711
	(in m) x: 34.6303 y: 7.8113
x: 2983 y: 343.25
	(in m) x: 138.113 y: 15.8925
x: 1008.38 y: 890.892
	(in m) x: 46.6882 y: 41.2483
x: 1252.94 y: 784
	(in m) x: 58.0112 y: 36.2992
x: 983.855 y: 475.996
	(in m) x: 45.5525 y: 22.0386
x: 1083.11 y: 653.482
	(in m) x: 50.1482 y: 30.2562
x: 1863.5 y: 416.75
	(in m) x: 86.28 y: 19.2955
x: 2417.16 y: 139.976
	(in m) x: 111.914 y: 6.48088
x: 3918.73 y: 57.4497
	(in m) x: 181.437 y: 2.65992
x: 2277.09 y: 210.32
	(in m) x: 105.429 y: 9.73782
x: 2924.87 y: 29.3855
	(in m) x: 135.421 y: 1.36055
x: 2778.75 y: 568
	(in m) x: 128.656 y: 26.2984
x: 2186.57 y: 200.497
	(in m) x: 101.238 y: 9.283
x: 2366.21 y: 1140.58
	(in m) x: 109.556 y: 52.8089
x: 290.57 y: 340.919
	(in m) x: 13.4534 y: 15.7846
x: 308.69 y: 1418.79
	(in m) x: 14.2923 y: 65.6902
x: 531.755 y: 721.012
	(in m) x: 24.6203 y: 33.3829
x: 500.562 y: 798.17
	(in m) x: 23.176 y: 36.9553
x: 2319.81 y: 460.044
	(in m) x: 107.407 y: 21.3
x: 622.716 y: 105.411
	(in m) x: 28.8318 y: 4.88052
x: 2403.83 y: 580.667
	(in m) x: 111.297 y: 26.8849
x: 357.399 y: 188.061
	(in m) x: 16.5476 y: 8.70725
x: 280.269 y: 1251.56
	(in m) x: 12.9765 y: 57.947
x: 2951.62 y: 2003.88
	(in m) x: 136.66 y: 92.7798
x: 3245.67 y: 1878.89
	(in m) x: 150.275 y: 86.9924
x: 2500.5 y: 1763.08
	(in m) x: 115.773 y: 81.6306
x: 3707.4 y: 1604.54
	(in m) x: 171.652 y: 74.2904
x: 2552.4 y: 2768.16
	(in m) x: 118.176 y: 128.166
x: 2794.18 y: 2717.37
	(in m) x: 129.371 y: 125.814
x: 2395.57 y: 2727.51
	(in m) x: 110.915 y: 126.284
x: 3174.44 y: 2689.95
	(in m) x: 146.977 y: 124.544
x: 1967.93 y: 2879.66
	(in m) x: 91.115 y: 133.328
x: 2699.36 y: 2517.68
	(in m) x: 124.981 y: 116.568
x: 2232.84 y: 2767.45
	(in m) x: 103.381 y: 128.133
x: 1458.62 y: 2453.14
	(in m) x: 67.5341 y: 113.58
x: 1383.39 y: 2371.63
	(in m) x: 64.0509 y: 109.806
x: 1847.32 y: 2132.14
	(in m) x: 85.5309 y: 98.718
x: 1058.7 y: 2345.37
	(in m) x: 49.0178 y: 108.591
x: 501.266 y: 2670.05
	(in m) x: 23.2086 y: 123.623
x: 1316.05 y: 1670.18
	(in m) x: 60.9332 y: 77.3293
x: 2373.6 y: 1929.59
	(in m) x: 109.898 y: 89.3399
x: 1924.86 y: 1702.61
	(in m) x: 89.1211 y: 78.8307
x: 1679.77 y: 1691.21
	(in m) x: 77.7732 y: 78.3031
x: 1956.73 y: 1604.9
	(in m) x: 90.5968 y: 74.3068
x: 2306.71 y: 1368.67
	(in m) x: 106.801 y: 63.3693
x: 1726.47 y: 1573.83
	(in m) x: 79.9355 y: 72.8681
x: 1311.93 y: 1606.02
	(in m) x: 60.7424 y: 74.3588
x: 2547.4 y: 1412.09
	(in m) x: 117.944 y: 65.3798
x: 2375.72 y: 1295.19
	(in m) x: 109.996 y: 59.9673
x: 2476.91 y: 1516.7
	(in m) x: 114.681 y: 70.223
x: 1316.88 y: 1277.89
	(in m) x: 60.9717 y: 59.1665
x: 1041.9 y: 2186.62
	(in m) x: 48.2399 y: 101.241
x: 834.478 y: 2482.28
	(in m) x: 38.6363 y: 114.93
x: 1179.33 y: 1965.28
	(in m) x: 54.6031 y: 90.9925
x: 1342.96 y: 1304.25
	(in m) x: 62.1792 y: 60.3867
x: 1801.19 y: 1241.09
	(in m) x: 83.3949 y: 57.4625
x: 2794.59 y: 1434.82
	(in m) x: 129.39 y: 66.4321
x: 293.047 y: 2205.23
	(in m) x: 13.5681 y: 102.102
x: 263.941 y: 632.291
	(in m) x: 12.2205 y: 29.2751
x: 117.772 y: 1317.9
	(in m) x: 5.45283 y: 61.0189
x: 558.359 y: 767.272
	(in m) x: 25.852 y: 35.5247
x: 711.093 y: 843.169
	(in m) x: 32.9236 y: 39.0387
x: 76.5723 y: 480.205
	(in m) x: 3.5453 y: 22.2335
x: 255.877 y: 805.251
	(in m) x: 11.8471 y: 37.2831
x: 879.52 y: 1153.6
	(in m) x: 40.7218 y: 53.4117
x: 55.9348 y: 318.09
	(in m) x: 2.58978 y: 14.7276
x: 560.122 y: 632.889
	(in m) x: 25.9337 y: 29.3028
x: 364.393 y: 1784.29
	(in m) x: 16.8714 y: 82.6124
x: 229.5 y: 750.5
	(in m) x: 10.6258 y: 34.7482
x: 600.353 y: 268.128
	(in m) x: 27.7963 y: 12.4143
x: 104.863 y: 235.411
	(in m) x: 4.85515 y: 10.8995
x: 643.352 y: 2772.82
	(in m) x: 29.7872 y: 128.381
x: 589.855 y: 2555.84
	(in m) x: 27.3103 y: 118.335
x: 284.776 y: 2733.8
	(in m) x: 13.1851 y: 126.575
x: 227.185 y: 2259.46
	(in m) x: 10.5187 y: 104.613
x: 1052.79 y: 2779.58
	(in m) x: 48.7444 y: 128.695
x: 323.152 y: 2880.82
	(in m) x: 14.962 y: 133.382
x: 660.66 y: 1958.68
	(in m) x: 30.5886 y: 90.6868
x: 327.513 y: 2028.14
	(in m) x: 15.1639 y: 93.903
x: 1340.26 y: 2039.76
	(in m) x: 62.054 y: 94.4411
x: 1292.85 y: 2115.13
	(in m) x: 59.859 y: 97.9304
x: 799.85 y: 1547.93
	(in m) x: 37.0331 y: 71.6691
x: 1683.68 y: 2360.73
	(in m) x: 77.9545 y: 109.302
x: 58.7023 y: 1628.09
	(in m) x: 2.71792 y: 75.3805
x: 45.5964 y: 1370.76
	(in m) x: 2.11111 y: 63.4662
x: 3895.65 y: 150.677
	(in m) x: 180.368 y: 6.97632
x: 3897.41 y: 2037.16
	(in m) x: 180.45 y: 94.3205
x: 79.9791 y: 2499.7
	(in m) x: 3.70303 y: 115.736
x: 1693.25 y: 2640.5
	(in m) x: 78.3975 y: 122.255
